#
# There is insufficient memory for the Java Runtime Environment to continue.
# Native memory allocation (mmap) failed to map 268435456 bytes for G1 virtual space
# Possible reasons:
#   The system is out of physical RAM or swap space
#   The process is running with CompressedOops enabled, and the Java Heap may be blocking the growth of the native heap
# Possible solutions:
#   Reduce memory load on the system
#   Increase physical memory or swap space
#   Check if swap backing store is full
#   Decrease Java heap size (-Xmx/-Xms)
#   Decrease number of Java threads
#   Decrease Java thread stack sizes (-Xss)
#   Set larger code cache with -XX:ReservedCodeCacheSize=
#   JVM is running with Zero Based Compressed Oops mode in which the Java heap is
#     placed in the first 32GB address space. The Java Heap base address is the
#     maximum limit for the native heap growth. Please use -XX:HeapBaseMinAddress
#     to set the Java Heap base and to place the Java Heap above 32GB virtual address.
# This output file may be truncated or incomplete.
#
#  Out of Memory Error (os_windows.cpp:3557), pid=2132, tid=4508
#
# JRE version:  (17.0.6+10) (build )
# Java VM: OpenJDK 64-Bit Server VM (17.0.6+10, mixed mode, sharing, tiered, compressed oops, compressed class ptrs, g1 gc, windows-amd64)
# No core dump will be written. Minidumps are not enabled by default on client versions of Windows
#

---------------  S U M M A R Y ------------

Command Line: -Dfile.encoding=UTF-8 -XX:+ShowCodeDetailsInExceptionMessages aula7_estrutura_de_dados.camada_pilha

Host: Intel(R) Core(TM) i7-8550U CPU @ 1.80GHz, 8 cores, 15G,  Windows 11 , 64 bit Build 22000 (10.0.22000.1880)
Time: Wed May 31 17:12:26 2023 Hora oficial do Brasil elapsed time: 0.012027 seconds (0d 0h 0m 0s)

---------------  T H R E A D  ---------------

Current thread (0x0000020ddf50ac20):  JavaThread "Unknown thread" [_thread_in_vm, id=4508, stack(0x0000008eb2700000,0x0000008eb2800000)]

Stack: [0x0000008eb2700000,0x0000008eb2800000]
Native frames: (J=compiled Java code, j=interpreted, Vv=VM code, C=native code)
V  [jvm.dll+0x67741a]
V  [jvm.dll+0x834434]
V  [jvm.dll+0x835bde]
V  [jvm.dll+0x836243]
V  [jvm.dll+0x2457b5]
V  [jvm.dll+0x674329]
V  [jvm.dll+0x6689da]
V  [jvm.dll+0x30489b]
V  [jvm.dll+0x30bd96]
V  [jvm.dll+0x35b57e]
V  [jvm.dll+0x35b7af]
V  [jvm.dll+0x2db778]
V  [jvm.dll+0x2dc6e4]
V  [jvm.dll+0x806131]
V  [jvm.dll+0x369331]
V  [jvm.dll+0x7e56ac]
V  [jvm.dll+0x3eb35f]
V  [jvm.dll+0x3ecea1]
C  [jli.dll+0x5267]
C  [ucrtbase.dll+0x26c0c]
C  [KERNEL32.DLL+0x155a0]
C  [ntdll.dll+0x485b]


---------------  P R O C E S S  ---------------

Threads class SMR info:
_java_thread_list=0x00007ffd6b0f5fd8, length=0, elements={
}

Java Threads: ( => current thread )

Other Threads:
  0x0000020ddf578cb0 GCTaskThread "GC Thread#0" [stack: 0x0000008eb2800000,0x0000008eb2900000] [id=10848]
  0x0000020ddf58a370 ConcurrentGCThread "G1 Main Marker" [stack: 0x0000008eb2900000,0x0000008eb2a00000] [id=6436]
  0x0000020ddf58bd90 ConcurrentGCThread "G1 Conc#0" [stack: 0x0000008eb2a00000,0x0000008eb2b00000] [id=11060]

[error occurred during error reporting (printing all threads), id 0xc0000005, EXCEPTION_ACCESS_VIOLATION (0xc0000005) at pc=0x00007ffd6a8cc1e7]

VM state: not at safepoint (not fully initialized)

VM Mutex/Monitor currently owned by a thread:  ([mutex/lock_event])
[0x0000020ddf506710] Heap_lock - owner thread: 0x0000020ddf50ac20

Heap address: 0x0000000701800000, size: 4072 MB, Compressed Oops mode: Zero based, Oop shift amount: 3

CDS archive(s) mapped at: [0x0000000000000000-0x0000000000000000-0x0000000000000000), size 0, SharedBaseAddress: 0x0000000800000000, ArchiveRelocationMode: 0.
Narrow klass base: 0x0000000000000000, Narrow klass shift: 0, Narrow klass range: 0x0

GC Precious Log:
<Empty>

Heap:
 garbage-first heap   total 0K, used 0K [0x0000000701800000, 0x0000000800000000)
  region size 2048K, 0 young (0K), 0 survivors (0K)

[error occurred during error reporting (printing heap information), id 0xc0000005, EXCEPTION_ACCESS_VIOLATION (0xc0000005) at pc=0x00007ffd6acb06f9]

GC Heap History (0 events):
No events

Dll operation events (1 events):
Event: 0.008 Loaded shared library D:\apps\development\sts-4.18.0.RELEASE\plugins\org.eclipse.justj.openjdk.hotspot.jre.full.win32.x86_64_17.0.6.v20230204-1729\jre\bin\java.dll

Deoptimization events (0 events):
No events

Classes unloaded (0 events):
No events

Classes redefined (0 events):
No events

Internal exceptions (0 events):
No events

VM Operations (0 events):
No events

Events (0 events):
No events


Dynamic libraries:
0x00007ff796b60000 - 0x00007ff796b6e000 	D:\apps\development\sts-4.18.0.RELEASE\plugins\org.eclipse.justj.openjdk.hotspot.jre.full.win32.x86_64_17.0.6.v20230204-1729\jre\bin\javaw.exe
0x00007ffdd94a0000 - 0x00007ffdd96a9000 	C:\Windows\SYSTEM32\ntdll.dll
0x00007ffdd8ad0000 - 0x00007ffdd8b8e000 	C:\Windows\System32\KERNEL32.DLL
0x00007ffdd6cb0000 - 0x00007ffdd7034000 	C:\Windows\System32\KERNELBASE.dll
0x00007ffdd7130000 - 0x00007ffdd7241000 	C:\Windows\System32\ucrtbase.dll
0x00007ffdc2f70000 - 0x00007ffdc2f89000 	D:\apps\development\sts-4.18.0.RELEASE\plugins\org.eclipse.justj.openjdk.hotspot.jre.full.win32.x86_64_17.0.6.v20230204-1729\jre\bin\VCRUNTIME140.dll
0x00007ffdd3400000 - 0x00007ffdd3417000 	D:\apps\development\sts-4.18.0.RELEASE\plugins\org.eclipse.justj.openjdk.hotspot.jre.full.win32.x86_64_17.0.6.v20230204-1729\jre\bin\jli.dll
0x00007ffdd8920000 - 0x00007ffdd8acd000 	C:\Windows\System32\USER32.dll
0x00007ffdbf800000 - 0x00007ffdbfaa5000 	C:\Windows\WinSxS\amd64_microsoft.windows.common-controls_6595b64144ccf1df_6.0.22000.120_none_9d947278b86cc467\COMCTL32.dll
0x00007ffdd6950000 - 0x00007ffdd6976000 	C:\Windows\System32\win32u.dll
0x00007ffdd8200000 - 0x00007ffdd822a000 	C:\Windows\System32\GDI32.dll
0x00007ffdd8290000 - 0x00007ffdd8333000 	C:\Windows\System32\msvcrt.dll
0x00007ffdd6af0000 - 0x00007ffdd6c0f000 	C:\Windows\System32\gdi32full.dll
0x00007ffdd6c10000 - 0x00007ffdd6cad000 	C:\Windows\System32\msvcp_win.dll
0x00007ffdd8d70000 - 0x00007ffdd8da1000 	C:\Windows\System32\IMM32.DLL
0x00007ffdd19c0000 - 0x00007ffdd19cc000 	D:\apps\development\sts-4.18.0.RELEASE\plugins\org.eclipse.justj.openjdk.hotspot.jre.full.win32.x86_64_17.0.6.v20230204-1729\jre\bin\vcruntime140_1.dll
0x00007ffdbece0000 - 0x00007ffdbed71000 	D:\apps\development\sts-4.18.0.RELEASE\plugins\org.eclipse.justj.openjdk.hotspot.jre.full.win32.x86_64_17.0.6.v20230204-1729\jre\bin\msvcp140.dll
0x00007ffd6a5e0000 - 0x00007ffd6b227000 	D:\apps\development\sts-4.18.0.RELEASE\plugins\org.eclipse.justj.openjdk.hotspot.jre.full.win32.x86_64_17.0.6.v20230204-1729\jre\bin\server\jvm.dll
0x00007ffdd93b0000 - 0x00007ffdd945f000 	C:\Windows\System32\ADVAPI32.dll
0x00007ffdd9310000 - 0x00007ffdd93ae000 	C:\Windows\System32\sechost.dll
0x00007ffdd8c40000 - 0x00007ffdd8d61000 	C:\Windows\System32\RPCRT4.dll
0x00007ffdc46f0000 - 0x00007ffdc46f9000 	C:\Windows\SYSTEM32\WSOCK32.dll
0x00007ffdd0eb0000 - 0x00007ffdd0ee3000 	C:\Windows\SYSTEM32\WINMM.dll
0x00007ffdd0e50000 - 0x00007ffdd0e5a000 	C:\Windows\SYSTEM32\VERSION.dll
0x00007ffdd88b0000 - 0x00007ffdd891f000 	C:\Windows\System32\WS2_32.dll
0x00007ffdd5a80000 - 0x00007ffdd5a98000 	C:\Windows\SYSTEM32\kernel.appcore.dll
0x00007ffdd1b60000 - 0x00007ffdd1b6a000 	D:\apps\development\sts-4.18.0.RELEASE\plugins\org.eclipse.justj.openjdk.hotspot.jre.full.win32.x86_64_17.0.6.v20230204-1729\jre\bin\jimage.dll
0x00007ffdd4560000 - 0x00007ffdd4781000 	C:\Windows\SYSTEM32\DBGHELP.DLL
0x00007ffdbfbc0000 - 0x00007ffdbfbf1000 	C:\Windows\SYSTEM32\dbgcore.DLL
0x00007ffdd70b0000 - 0x00007ffdd712f000 	C:\Windows\System32\bcryptPrimitives.dll
0x00007ffdbfea0000 - 0x00007ffdbfec5000 	D:\apps\development\sts-4.18.0.RELEASE\plugins\org.eclipse.justj.openjdk.hotspot.jre.full.win32.x86_64_17.0.6.v20230204-1729\jre\bin\java.dll

dbghelp: loaded successfully - version: 4.0.5 - missing functions: none
symbol engine: initialized successfully - sym options: 0x614 - pdb path: .;D:\apps\development\sts-4.18.0.RELEASE\plugins\org.eclipse.justj.openjdk.hotspot.jre.full.win32.x86_64_17.0.6.v20230204-1729\jre\bin;C:\Windows\SYSTEM32;C:\Windows\WinSxS\amd64_microsoft.windows.common-controls_6595b64144ccf1df_6.0.22000.120_none_9d947278b86cc467;D:\apps\development\sts-4.18.0.RELEASE\plugins\org.eclipse.justj.openjdk.hotspot.jre.full.win32.x86_64_17.0.6.v20230204-1729\jre\bin\server

VM Arguments:
jvm_args: -Dfile.encoding=UTF-8 -XX:+ShowCodeDetailsInExceptionMessages 
java_command: aula7_estrutura_de_dados.camada_pilha
java_class_path (initial): D:\workspace\generation\Java-Exercises\bin
Launcher Type: SUN_STANDARD

[Global flags]
     intx CICompilerCount                          = 4                                         {product} {ergonomic}
     uint ConcGCThreads                            = 2                                         {product} {ergonomic}
     uint G1ConcRefinementThreads                  = 8                                         {product} {ergonomic}
   size_t G1HeapRegionSize                         = 2097152                                   {product} {ergonomic}
    uintx GCDrainStackTargetSize                   = 64                                        {product} {ergonomic}
   size_t InitialHeapSize                          = 268435456                                 {product} {ergonomic}
   size_t MarkStackSize                            = 4194304                                   {product} {ergonomic}
   size_t MaxHeapSize                              = 4269801472                                {product} {ergonomic}
   size_t MinHeapDeltaBytes                        = 2097152                                   {product} {ergonomic}
   size_t MinHeapSize                              = 8388608                                   {product} {ergonomic}
    uintx NonNMethodCodeHeapSize                   = 5839372                                {pd product} {ergonomic}
    uintx NonProfiledCodeHeapSize                  = 122909434                              {pd product} {ergonomic}
    uintx ProfiledCodeHeapSize                     = 122909434                              {pd product} {ergonomic}
    uintx ReservedCodeCacheSize                    = 251658240                              {pd product} {ergonomic}
     bool SegmentedCodeCache                       = true                                      {product} {ergonomic}
     bool ShowCodeDetailsInExceptionMessages       = true                                   {manageable} {command line}
   size_t SoftMaxHeapSize                          = 4269801472                             {manageable} {ergonomic}
     bool UseCompressedClassPointers               = true                           {product lp64_product} {ergonomic}
     bool UseCompressedOops                        = true                           {product lp64_product} {ergonomic}
     bool UseG1GC                                  = true                                      {product} {ergonomic}
     bool UseLargePagesIndividualAllocation        = false                                  {pd product} {ergonomic}

Logging:
Log output configuration:
 #0: stdout all=warning uptime,level,tags
 #1: stderr all=off uptime,level,tags

Environment Variables:
JAVA_HOME=C:\Program Files\Java\zulu17.40.19-ca-jdk17.0.6-win_x64
PATH=D:/apps/development/sts-4.18.0.RELEASE//plugins/org.eclipse.justj.openjdk.hotspot.jre.full.win32.x86_64_17.0.6.v20230204-1729/jre/bin/server;D:/apps/development/sts-4.18.0.RELEASE//plugins/org.eclipse.justj.openjdk.hotspot.jre.full.win32.x86_64_17.0.6.v20230204-1729/jre/bin;C:\Program Files\Java\zulu17.40.19-ca-jdk17.0.6-win_x64\bin;C:\Windows\system32;C:\Windows;C:\Windows\System32\Wbem;C:\Windows\System32\WindowsPowerShell\v1.0\;C:\Windows\System32\OpenSSH\;D:\apps\development\WinSCP\;D:\apps\development\Github\cmd;C:\Program Files\nodejs\;;C:\ProgramData\UNIVALI\Portugol Studio;C:\Program Files\Docker\Docker\resources\bin;C:\Users\batis\AppData\Local\Microsoft\WindowsApps;;D:\Users\batis\AppData\Local\Programs\Microsoft VS Code\bin;C:\Users\batis\AppData\Local\Programs\Hyper\resources\bin;C:\Users\batis\AppData\Roaming\npm;D:\apps\development\sts-4.18.0.RELEASE;
USERNAME=batis
OS=Windows_NT
PROCESSOR_IDENTIFIER=Intel64 Family 6 Model 142 Stepping 10, GenuineIntel
TMP=C:\Users\batis\AppData\Local\Temp
TEMP=C:\Users\batis\AppData\Local\Temp



---------------  S Y S T E M  ---------------

OS:
 Windows 11 , 64 bit Build 22000 (10.0.22000.1880)
OS uptime: 9 days 7:58 hours
Hyper-V role detected

CPU: total 8 (initial active 8) (4 cores per cpu, 2 threads per core) family 6 model 142 stepping 10 microcode 0xf0, cx8, cmov, fxsr, ht, mmx, 3dnowpref, sse, sse2, sse3, ssse3, sse4.1, sse4.2, popcnt, lzcnt, tsc, tscinvbit, avx, avx2, aes, erms, clmul, bmi1, bmi2, adx, fma, vzeroupper, clflush, clflushopt, hv

Memory: 4k page, system-wide physical 16280M (8205M free)
TotalPageFile size 31452M (AvailPageFile size 235M)
current process WorkingSet (physical memory assigned to process): 10M, peak: 10M
current process commit charge ("private bytes"): 60M, peak: 316M

vm_info: OpenJDK 64-Bit Server VM (17.0.6+10) for windows-amd64 JRE (17.0.6+10), built on Jan 18 2023 10:08:59 by "temurin" with MS VC++ 16.7 (VS2019)

END.
